
synthesis -f "SW_IR_Interface_impl_SW_IR_Interface_lattice.synproj"
synthesis:  version Diamond (64-bit) 3.9.0.99.2

Copyright (c) 1991-1994 by NeoCAD Inc. All rights reserved.
Copyright (c) 1995 AT&T Corp.   All rights reserved.
Copyright (c) 1995-2001 Lucent Technologies Inc.  All rights reserved.
Copyright (c) 2001 Agere Systems   All rights reserved.
Copyright (c) 2002-2017 Lattice Semiconductor Corporation,  All rights reserved.
Wed May 17 15:43:42 2017


Command Line:  synthesis -f SW_IR_Interface_impl_SW_IR_Interface_lattice.synproj -gui -msgset D:/graduate project/code/SW_IR_Interface/promote.xml 

    <postMsg mid="35002000" type="Info"    dynamic="0" navigation="0"  />
Synthesis options:
The -a option is MachXO2.
The -s option is 4.
The -t option is CSBGA132.
The -d option is LCMXO2-4000HC.
Using package CSBGA132.
Using performance grade 4.
                                                          

##########################################################

### Lattice Family : MachXO2

### Device  : LCMXO2-4000HC

### Package : CSBGA132

### Speed   : 4

##########################################################

                                                          

    <postMsg mid="35001781" type="Info"    dynamic="0" navigation="0"  />
Optimization goal = Balanced
The -top option is not used.
Target frequency = 1.000000 MHz.
Maximum fanout = 1000.
Timing path count = 3
BRAM utilization = 100.000000 %
DSP usage = true
DSP utilization = 100.000000 %
fsm_encoding_style = auto
resolve_mixed_drivers = 0
fix_gated_clocks = 1

Mux style = Auto
Use Carry Chain = true
carry_chain_length = 0
Loop Limit = 1950.
Use IO Insertion = TRUE
Use IO Reg = AUTO

Resource Sharing = TRUE
Propagate Constants = TRUE
Remove Duplicate Registers = TRUE
force_gsr = auto
ROM style = auto
RAM style = auto
The -comp option is FALSE.
The -syn option is FALSE.
-p D:/graduate project/code/SW_IR_Interface (searchpath added)
-p D:/lscc/diamond/3.9_x64/ispfpga/xo2c00/data (searchpath added)
-p D:/graduate project/code/SW_IR_Interface/impl_SW_IR_Interface (searchpath added)
-p D:/graduate project/code/SW_IR_Interface (searchpath added)
Verilog design file = D:/graduate project/code/SW_IR_Interface/SW_IR_Interface.v
Verilog design file = D:/graduate project/code/SW_IR_Interface/debounce.v
Verilog design file = D:/graduate project/code/SW_IR_Interface/delay1us.v
Verilog design file = D:/graduate project/code/SW_IR_Interface/counter.v
NGD file = SW_IR_Interface_impl_SW_IR_Interface.ngd
-sdc option: SDC file input not used.
-lpf option: Output file option is ON.
Hardtimer checking is enabled (default). The -dt option is not used.
The -r option is OFF. [ Remove LOC Properties is OFF. ]
    <postMsg mid="35001200" type="Warning" dynamic="1" navigation="0" arg0="Sensor_IR"  />
Technology check ok...

Analyzing Verilog file D:/lscc/diamond/3.9_x64/ispfpga/userware/NT/SYNTHESIS_HEADERS/machxo2.v. VERI-1482
Compile design.
Compile Design Begin
Analyzing Verilog file d:/graduate project/code/sw_ir_interface/sw_ir_interface.v. VERI-1482
Analyzing Verilog file d:/graduate project/code/sw_ir_interface/debounce.v. VERI-1482
Analyzing Verilog file d:/graduate project/code/sw_ir_interface/delay1us.v. VERI-1482
Analyzing Verilog file d:/graduate project/code/sw_ir_interface/counter.v. VERI-1482
Analyzing Verilog file D:/lscc/diamond/3.9_x64/ispfpga/userware/NT/SYNTHESIS_HEADERS/machxo2.v. VERI-1482
Top module name (Verilog): Sensor_IR
    <postMsg mid="35901018" type="Info"    dynamic="2" navigation="2" arg0="d:/graduate project/code/sw_ir_interface/sw_ir_interface.v(1): " arg1="Sensor_IR" arg2="d:/graduate project/code/sw_ir_interface/sw_ir_interface.v" arg3="1"  />
    <postMsg mid="35901018" type="Info"    dynamic="2" navigation="2" arg0="d:/graduate project/code/sw_ir_interface/debounce.v(1): " arg1="debounce(CNT_NUM=240000)" arg2="d:/graduate project/code/sw_ir_interface/debounce.v" arg3="1"  />
    <postMsg mid="35901209" type="Warning" dynamic="3" navigation="2" arg0="d:/graduate project/code/sw_ir_interface/debounce.v(26): " arg1="32" arg2="1" arg3="d:/graduate project/code/sw_ir_interface/debounce.v" arg4="26"  />
    <postMsg mid="35901018" type="Info"    dynamic="2" navigation="2" arg0="d:/graduate project/code/sw_ir_interface/delay1us.v(1): " arg1="delay1us" arg2="d:/graduate project/code/sw_ir_interface/delay1us.v" arg3="1"  />
    <postMsg mid="35901209" type="Warning" dynamic="3" navigation="2" arg0="d:/graduate project/code/sw_ir_interface/delay1us.v(25): " arg1="2" arg2="1" arg3="d:/graduate project/code/sw_ir_interface/delay1us.v" arg4="25"  />
    <postMsg mid="35901209" type="Warning" dynamic="3" navigation="2" arg0="d:/graduate project/code/sw_ir_interface/delay1us.v(29): " arg1="2" arg2="1" arg3="d:/graduate project/code/sw_ir_interface/delay1us.v" arg4="29"  />
    <postMsg mid="35901209" type="Warning" dynamic="3" navigation="2" arg0="d:/graduate project/code/sw_ir_interface/delay1us.v(42): " arg1="2" arg2="1" arg3="d:/graduate project/code/sw_ir_interface/delay1us.v" arg4="42"  />
    <postMsg mid="35901209" type="Warning" dynamic="3" navigation="2" arg0="d:/graduate project/code/sw_ir_interface/delay1us.v(54): " arg1="32" arg2="20" arg3="d:/graduate project/code/sw_ir_interface/delay1us.v" arg4="54"  />
    <postMsg mid="35901018" type="Info"    dynamic="2" navigation="2" arg0="d:/graduate project/code/sw_ir_interface/counter.v(1): " arg1="counter(COUNTER_NUM=1200000)" arg2="d:/graduate project/code/sw_ir_interface/counter.v" arg3="1"  />
    <postMsg mid="35901018" type="Info"    dynamic="2" navigation="2" arg0="d:/graduate project/code/sw_ir_interface/counter.v(1): " arg1="counter(COUNTER_NUM=1200)" arg2="d:/graduate project/code/sw_ir_interface/counter.v" arg3="1"  />
    <postMsg mid="35901209" type="Warning" dynamic="3" navigation="2" arg0="d:/graduate project/code/sw_ir_interface/sw_ir_interface.v(134): " arg1="32" arg2="4" arg3="d:/graduate project/code/sw_ir_interface/sw_ir_interface.v" arg4="134"  />
    <postMsg mid="35901209" type="Warning" dynamic="3" navigation="2" arg0="d:/graduate project/code/sw_ir_interface/sw_ir_interface.v(136): " arg1="32" arg2="4" arg3="d:/graduate project/code/sw_ir_interface/sw_ir_interface.v" arg4="136"  />
    <postMsg mid="35901221" type="Warning" dynamic="2" navigation="2" arg0="d:/graduate project/code/sw_ir_interface/sw_ir_interface.v(142): " arg1="cache" arg2="d:/graduate project/code/sw_ir_interface/sw_ir_interface.v" arg3="142"  />
    <postMsg mid="35901221" type="Warning" dynamic="2" navigation="2" arg0="d:/graduate project/code/sw_ir_interface/sw_ir_interface.v(142): " arg1="temp_cnt" arg2="d:/graduate project/code/sw_ir_interface/sw_ir_interface.v" arg3="142"  />
    <postMsg mid="35901221" type="Warning" dynamic="2" navigation="2" arg0="d:/graduate project/code/sw_ir_interface/sw_ir_interface.v(143): " arg1="cache" arg2="d:/graduate project/code/sw_ir_interface/sw_ir_interface.v" arg3="143"  />
    <postMsg mid="35901221" type="Warning" dynamic="2" navigation="2" arg0="d:/graduate project/code/sw_ir_interface/sw_ir_interface.v(143): " arg1="temp_cnt" arg2="d:/graduate project/code/sw_ir_interface/sw_ir_interface.v" arg3="143"  />
    <postMsg mid="35901221" type="Warning" dynamic="2" navigation="2" arg0="d:/graduate project/code/sw_ir_interface/sw_ir_interface.v(144): " arg1="cache" arg2="d:/graduate project/code/sw_ir_interface/sw_ir_interface.v" arg3="144"  />
    <postMsg mid="35901221" type="Warning" dynamic="2" navigation="2" arg0="d:/graduate project/code/sw_ir_interface/sw_ir_interface.v(144): " arg1="temp_cnt" arg2="d:/graduate project/code/sw_ir_interface/sw_ir_interface.v" arg3="144"  />
    <postMsg mid="35901221" type="Warning" dynamic="2" navigation="2" arg0="d:/graduate project/code/sw_ir_interface/sw_ir_interface.v(145): " arg1="cache" arg2="d:/graduate project/code/sw_ir_interface/sw_ir_interface.v" arg3="145"  />
    <postMsg mid="35901221" type="Warning" dynamic="2" navigation="2" arg0="d:/graduate project/code/sw_ir_interface/sw_ir_interface.v(145): " arg1="temp_cnt" arg2="d:/graduate project/code/sw_ir_interface/sw_ir_interface.v" arg3="145"  />
    <postMsg mid="35901221" type="Warning" dynamic="2" navigation="2" arg0="d:/graduate project/code/sw_ir_interface/sw_ir_interface.v(146): " arg1="cache" arg2="d:/graduate project/code/sw_ir_interface/sw_ir_interface.v" arg3="146"  />
    <postMsg mid="35901221" type="Warning" dynamic="2" navigation="2" arg0="d:/graduate project/code/sw_ir_interface/sw_ir_interface.v(146): " arg1="temp_cnt" arg2="d:/graduate project/code/sw_ir_interface/sw_ir_interface.v" arg3="146"  />
    <postMsg mid="35901221" type="Warning" dynamic="2" navigation="2" arg0="d:/graduate project/code/sw_ir_interface/sw_ir_interface.v(147): " arg1="cache" arg2="d:/graduate project/code/sw_ir_interface/sw_ir_interface.v" arg3="147"  />
    <postMsg mid="35901221" type="Warning" dynamic="2" navigation="2" arg0="d:/graduate project/code/sw_ir_interface/sw_ir_interface.v(147): " arg1="temp_cnt" arg2="d:/graduate project/code/sw_ir_interface/sw_ir_interface.v" arg3="147"  />
    <postMsg mid="35901221" type="Warning" dynamic="2" navigation="2" arg0="d:/graduate project/code/sw_ir_interface/sw_ir_interface.v(148): " arg1="cache" arg2="d:/graduate project/code/sw_ir_interface/sw_ir_interface.v" arg3="148"  />
    <postMsg mid="35901221" type="Warning" dynamic="2" navigation="2" arg0="d:/graduate project/code/sw_ir_interface/sw_ir_interface.v(148): " arg1="temp_cnt" arg2="d:/graduate project/code/sw_ir_interface/sw_ir_interface.v" arg3="148"  />
    <postMsg mid="35901221" type="Warning" dynamic="2" navigation="2" arg0="d:/graduate project/code/sw_ir_interface/sw_ir_interface.v(149): " arg1="cache" arg2="d:/graduate project/code/sw_ir_interface/sw_ir_interface.v" arg3="149"  />
    <postMsg mid="35901221" type="Warning" dynamic="2" navigation="2" arg0="d:/graduate project/code/sw_ir_interface/sw_ir_interface.v(149): " arg1="temp_cnt" arg2="d:/graduate project/code/sw_ir_interface/sw_ir_interface.v" arg3="149"  />
    <postMsg mid="35901221" type="Warning" dynamic="2" navigation="2" arg0="d:/graduate project/code/sw_ir_interface/sw_ir_interface.v(150): " arg1="cache" arg2="d:/graduate project/code/sw_ir_interface/sw_ir_interface.v" arg3="150"  />
    <postMsg mid="35901221" type="Warning" dynamic="2" navigation="2" arg0="d:/graduate project/code/sw_ir_interface/sw_ir_interface.v(150): " arg1="temp_cnt" arg2="d:/graduate project/code/sw_ir_interface/sw_ir_interface.v" arg3="150"  />
    <postMsg mid="35901221" type="Warning" dynamic="2" navigation="2" arg0="d:/graduate project/code/sw_ir_interface/sw_ir_interface.v(151): " arg1="cache" arg2="d:/graduate project/code/sw_ir_interface/sw_ir_interface.v" arg3="151"  />
    <postMsg mid="35901221" type="Warning" dynamic="2" navigation="2" arg0="d:/graduate project/code/sw_ir_interface/sw_ir_interface.v(151): " arg1="temp_cnt" arg2="d:/graduate project/code/sw_ir_interface/sw_ir_interface.v" arg3="151"  />
    <postMsg mid="35901221" type="Warning" dynamic="2" navigation="2" arg0="d:/graduate project/code/sw_ir_interface/sw_ir_interface.v(152): " arg1="cache" arg2="d:/graduate project/code/sw_ir_interface/sw_ir_interface.v" arg3="152"  />
    <postMsg mid="35901221" type="Warning" dynamic="2" navigation="2" arg0="d:/graduate project/code/sw_ir_interface/sw_ir_interface.v(152): " arg1="temp_cnt" arg2="d:/graduate project/code/sw_ir_interface/sw_ir_interface.v" arg3="152"  />
    <postMsg mid="35901221" type="Warning" dynamic="2" navigation="2" arg0="d:/graduate project/code/sw_ir_interface/sw_ir_interface.v(153): " arg1="cache" arg2="d:/graduate project/code/sw_ir_interface/sw_ir_interface.v" arg3="153"  />
    <postMsg mid="35901221" type="Warning" dynamic="2" navigation="2" arg0="d:/graduate project/code/sw_ir_interface/sw_ir_interface.v(153): " arg1="temp_cnt" arg2="d:/graduate project/code/sw_ir_interface/sw_ir_interface.v" arg3="153"  />
    <postMsg mid="35901221" type="Warning" dynamic="2" navigation="2" arg0="d:/graduate project/code/sw_ir_interface/sw_ir_interface.v(154): " arg1="cache" arg2="d:/graduate project/code/sw_ir_interface/sw_ir_interface.v" arg3="154"  />
    <postMsg mid="35901221" type="Warning" dynamic="2" navigation="2" arg0="d:/graduate project/code/sw_ir_interface/sw_ir_interface.v(154): " arg1="temp_cnt" arg2="d:/graduate project/code/sw_ir_interface/sw_ir_interface.v" arg3="154"  />
    <postMsg mid="35901221" type="Warning" dynamic="2" navigation="2" arg0="d:/graduate project/code/sw_ir_interface/sw_ir_interface.v(155): " arg1="cache" arg2="d:/graduate project/code/sw_ir_interface/sw_ir_interface.v" arg3="155"  />
    <postMsg mid="35901221" type="Warning" dynamic="2" navigation="2" arg0="d:/graduate project/code/sw_ir_interface/sw_ir_interface.v(155): " arg1="temp_cnt" arg2="d:/graduate project/code/sw_ir_interface/sw_ir_interface.v" arg3="155"  />
    <postMsg mid="35901221" type="Warning" dynamic="2" navigation="2" arg0="d:/graduate project/code/sw_ir_interface/sw_ir_interface.v(156): " arg1="cache" arg2="d:/graduate project/code/sw_ir_interface/sw_ir_interface.v" arg3="156"  />
    <postMsg mid="35901221" type="Warning" dynamic="2" navigation="2" arg0="d:/graduate project/code/sw_ir_interface/sw_ir_interface.v(156): " arg1="temp_cnt" arg2="d:/graduate project/code/sw_ir_interface/sw_ir_interface.v" arg3="156"  />
    <postMsg mid="35901221" type="Warning" dynamic="2" navigation="2" arg0="d:/graduate project/code/sw_ir_interface/sw_ir_interface.v(157): " arg1="cache" arg2="d:/graduate project/code/sw_ir_interface/sw_ir_interface.v" arg3="157"  />
    <postMsg mid="35901221" type="Warning" dynamic="2" navigation="2" arg0="d:/graduate project/code/sw_ir_interface/sw_ir_interface.v(157): " arg1="temp_cnt" arg2="d:/graduate project/code/sw_ir_interface/sw_ir_interface.v" arg3="157"  />
    <postMsg mid="35931002" type="Warning" dynamic="2" navigation="2" arg0="d:/graduate project/code/sw_ir_interface/sw_ir_interface.v(92): " arg1="cache" arg2="d:/graduate project/code/sw_ir_interface/sw_ir_interface.v" arg3="92"  />
Last elaborated design is Sensor_IR()
Loading NGL library 'D:/lscc/diamond/3.9_x64/ispfpga/xo2c00a/data/xo2alib.ngl'...
Loading NGL library 'D:/lscc/diamond/3.9_x64/ispfpga/xo2c00/data/xo2clib.ngl'...
Loading NGL library 'D:/lscc/diamond/3.9_x64/ispfpga/mg5g00/data/mg5glib.ngl'...
Loading NGL library 'D:/lscc/diamond/3.9_x64/ispfpga/or5g00/data/orc5glib.ngl'...
Loading device for application map from file 'xo2c4000.nph' in environment: D:/lscc/diamond/3.9_x64/ispfpga.
Package Status:                     Final          Version 1.44.
Top-level module name = Sensor_IR.
    <postMsg mid="35931038" type="Warning" dynamic="2" navigation="2" arg0="d:/graduate project/code/sw_ir_interface/sw_ir_interface.v(92): " arg1="cache_original_ramnet" arg2="d:/graduate project/code/sw_ir_interface/sw_ir_interface.v" arg3="92"  />
    <postMsg mid="35001774" type="Info"    dynamic="2" navigation="0" arg0="rst_group" arg1="one-hot"  />
State machine has 3 reachable states with original encodings of:

 001 

 010 

 100 

original encoding -> new encoding (one-hot encoding)

 001 -> 001

 010 -> 010

 100 -> 100




GSR instance connected to net rst_c.
Applying 1.000000 MHz constraint to all clocks

    <postMsg mid="35001611" type="Warning" dynamic="0" navigation="0"  />
Results of NGD DRC are available in Sensor_IR_drc.log.
Loading NGL library 'D:/lscc/diamond/3.9_x64/ispfpga/xo2c00a/data/xo2alib.ngl'...
Loading NGL library 'D:/lscc/diamond/3.9_x64/ispfpga/xo2c00/data/xo2clib.ngl'...
Loading NGL library 'D:/lscc/diamond/3.9_x64/ispfpga/mg5g00/data/mg5glib.ngl'...
Loading NGL library 'D:/lscc/diamond/3.9_x64/ispfpga/or5g00/data/orc5glib.ngl'...


Running DRC...

DRC complete with no errors or warnings

Design Results:
    587 blocks expanded
completed the first expansion
All blocks are expanded and NGD expansion is successful.
Writing NGD file SW_IR_Interface_impl_SW_IR_Interface.ngd.

################### Begin Area Report (Sensor_IR)######################
Number of register bits => 112 of 4635 (2 % )
CCU2D => 76
FD1P3AX => 1
FD1P3AY => 1
FD1P3IX => 18
FD1P3JX => 1
FD1S3AX => 4
FD1S3AY => 3
FD1S3IX => 84
GSR => 1
IB => 3
LUT4 => 307
OB => 38
PFUMX => 47
################### End Area Report ##################

################### Begin BlackBox Report ######################
TSALL => 1
################### End BlackBox Report ##################

################### Begin Clock Report ######################
Clock Nets
Number of Clocks: 2
  Net : clk_c, loads : 108
  Net : debounce_uut/low_sw_0_derived_4, loads : 4
Clock Enable Nets
Number of Clock Enables: 4
Top 4 highest fanout Clock Enables:
  Net : clk_c_enable_20, loads : 16
  Net : rst_c, loads : 4
  Net : clk_c_enable_9, loads : 3
  Net : debounce_uut/clk_c_enable_10, loads : 1
Highest fanout non-clock nets
Top 10 highest fanout non-clock nets:
  Net : line_7_N_228_1, loads : 96
  Net : line_7_N_236_0, loads : 90
  Net : line_7_N_212_2, loads : 79
  Net : temp_cnt_3, loads : 52
  Net : clk1Hz_uut/cnt_31__N_361, loads : 35
  Net : clk10KHz_uut/cnt_31__N_430, loads : 34
  Net : row_c_8, loads : 25
  Net : row_c_9, loads : 22
  Net : row_c_12, loads : 21
  Net : row_c_6, loads : 21
################### End Clock Report ##################

Timing Report Summary
--------------
--------------------------------------------------------------------------------
Constraint                              |   Constraint|       Actual|Levels
--------------------------------------------------------------------------------
                                        |             |             |
create_clock -period 1000.000000 -name  |             |             |
clk1 [get_nets clk_c]                   |    1.000 MHz|   94.805 MHz|    18  
                                        |             |             |
create_clock -period 1000.000000 -name  |             |             |
clk0 [get_nets low_sw[0]_derived_4]     |    1.000 MHz|  285.714 MHz|     2  
                                        |             |             |
--------------------------------------------------------------------------------


All constraints were met.


Peak Memory Usage: 71.078  MB

--------------------------------------------------------------
Elapsed CPU time for LSE flow : 3.307  secs
--------------------------------------------------------------

map -a "MachXO2" -p LCMXO2-4000HC -t CSBGA132 -s 4 -oc Commercial   "SW_IR_Interface_impl_SW_IR_Interface.ngd" -o "SW_IR_Interface_impl_SW_IR_Interface_map.ncd" -pr "SW_IR_Interface_impl_SW_IR_Interface.prf" -mp "SW_IR_Interface_impl_SW_IR_Interface.mrp" -lpf "D:/graduate project/code/SW_IR_Interface/impl_SW_IR_Interface/SW_IR_Interface_impl_SW_IR_Interface.lpf" -lpf "D:/graduate project/code/SW_IR_Interface/SW_IR_Interface.lpf" -c 0            
map:  version Diamond (64-bit) 3.9.0.99.2

Copyright (c) 1991-1994 by NeoCAD Inc. All rights reserved.
Copyright (c) 1995 AT&T Corp.   All rights reserved.
Copyright (c) 1995-2001 Lucent Technologies Inc.  All rights reserved.
Copyright (c) 2001 Agere Systems   All rights reserved.
Copyright (c) 2002-2017 Lattice Semiconductor Corporation,  All rights reserved.
   Process the file: SW_IR_Interface_impl_SW_IR_Interface.ngd
   Picdevice="LCMXO2-4000HC"

   Pictype="CSBGA132"

   Picspeed=4

   Remove unused logic

   Do not produce over sized NCDs.

Part used: LCMXO2-4000HCCSBGA132, Performance used: 4.

Loading device for application map from file 'xo2c4000.nph' in environment: D:/lscc/diamond/3.9_x64/ispfpga.
Package Status:                     Final          Version 1.44.

Running general design DRC...

Removing unused logic...

Optimizing...




Design Summary:
   Number of registers:    112 out of  4635 (2%)
      PFU registers:          112 out of  4320 (3%)
      PIO registers:            0 out of   315 (0%)
   Number of SLICEs:       230 out of  2160 (11%)
      SLICEs as Logic/ROM:    230 out of  2160 (11%)
      SLICEs as RAM:            0 out of  1620 (0%)
      SLICEs as Carry:         76 out of  2160 (4%)
   Number of LUT4s:        460 out of  4320 (11%)
      Number used as logic LUTs:        308
      Number used as distributed RAM:     0
      Number used as ripple logic:      152
      Number used as shift registers:     0
   Number of PIO sites used: 41 + 4(JTAG) out of 105 (43%)
   Number of block RAMs:  0 out of 10 (0%)
   Number of GSRs:  1 out of 1 (100%)
   EFB used :       No
   JTAG used :      No
   Readback used :  No
   Oscillator used :  No
   Startup used :   No
   POR :            On
   Bandgap :        On
   Number of Power Controller:  0 out of 1 (0%)
   Number of Dynamic Bank Controller (BCINRD):  0 out of 6 (0%)
   Number of Dynamic Bank Controller (BCLVDSO):  0 out of 1 (0%)
   Number of DCCA:  0 out of 8 (0%)
   Number of DCMA:  0 out of 2 (0%)
   Number of PLLs:  0 out of 2 (0%)
   Number of DQSDLLs:  0 out of 2 (0%)
   Number of CLKDIVC:  0 out of 4 (0%)
   Number of ECLKSYNCA:  0 out of 4 (0%)
   Number of ECLKBRIDGECS:  0 out of 2 (0%)
   Notes:-
      1. Total number of LUT4s = (Number of logic LUT4s) + 2*(Number of distributed RAMs) + 2*(Number of ripple logic)
      2. Number of logic LUT4s does not include count of distributed RAM and ripple logic.
   Number of clocks:  2
     Net debounce_uut/low_sw[0]_derived_4: 3 loads, 3 rising, 0 falling (Driver: debounce_uut/low_sw_r_0__I_0_2_lut_rep_186 )
     Net clk_c: 60 loads, 60 rising, 0 falling (Driver: PIO clk )
   Number of Clock Enables:  4
     Net rst_c: 1 loads, 1 LSLICEs
     Net clk_c_enable_20: 8 loads, 8 LSLICEs
     Net clk_c_enable_9: 3 loads, 3 LSLICEs
     Net debounce_uut/clk_c_enable_10: 1 loads, 1 LSLICEs
   Number of LSRs:  5
     Net n2783: 8 loads, 8 LSLICEs
     Net n1705: 4 loads, 4 LSLICEs
     Net cnt_31__N_361: 17 loads, 17 LSLICEs
     Net cnt_31__N_430: 17 loads, 17 LSLICEs
     Net debounce_uut/key_an: 10 loads, 10 LSLICEs
   Number of nets driven by tri-state buffers:  0
   Top 10 highest fanout non-clock nets:
     Net line_7_N_228_1: 96 loads
     Net line_7_N_236_0: 90 loads
     Net line_7_N_212_2: 79 loads
     Net temp_cnt_3: 52 loads
     Net row_c_8: 25 loads
     Net row_c_9: 22 loads
     Net row_c_0: 21 loads
     Net row_c_12: 21 loads
     Net row_c_4: 21 loads
     Net row_c_6: 21 loads
 

   Number of warnings:  0
   Number of errors:    0



Total CPU Time: 0 secs  
Total REAL Time: 0 secs  
Peak Memory Usage: 49 MB

Dumping design to file SW_IR_Interface_impl_SW_IR_Interface_map.ncd.

ncd2vdb "SW_IR_Interface_impl_SW_IR_Interface_map.ncd" ".vdbs/SW_IR_Interface_impl_SW_IR_Interface_map.vdb"

Loading device for application ncd2vdb from file 'xo2c4000.nph' in environment: D:/lscc/diamond/3.9_x64/ispfpga.

mpartrce -p "SW_IR_Interface_impl_SW_IR_Interface.p2t" -f "SW_IR_Interface_impl_SW_IR_Interface.p3t" -tf "SW_IR_Interface_impl_SW_IR_Interface.pt" "SW_IR_Interface_impl_SW_IR_Interface_map.ncd" "SW_IR_Interface_impl_SW_IR_Interface.ncd"

---- MParTrce Tool ----
Removing old design directory at request of -rem command line option to this program.
Running par. Please wait . . .

Lattice Place and Route Report for Design "SW_IR_Interface_impl_SW_IR_Interface_map.ncd"
Wed May 17 15:43:48 2017

PAR: Place And Route Diamond (64-bit) 3.9.0.99.2.
Command Line: par -w -l 5 -i 6 -t 1 -c 0 -e 0 -gui -msgset "D:/graduate project/code/SW_IR_Interface/promote.xml" -exp parUseNBR=1:parCDP=0:parCDR=0:parPathBased=OFF SW_IR_Interface_impl_SW_IR_Interface_map.ncd SW_IR_Interface_impl_SW_IR_Interface.dir/5_1.ncd SW_IR_Interface_impl_SW_IR_Interface.prf
Preference file: SW_IR_Interface_impl_SW_IR_Interface.prf.
Placement level-cost: 5-1.
Routing Iterations: 6

Loading design for application par from file SW_IR_Interface_impl_SW_IR_Interface_map.ncd.
Design name: Sensor_IR
NCD version: 3.3
Vendor:      LATTICE
Device:      LCMXO2-4000HC
Package:     CSBGA132
Performance: 4
Loading device for application par from file 'xo2c4000.nph' in environment: D:/lscc/diamond/3.9_x64/ispfpga.
Package Status:                     Final          Version 1.44.
Performance Hardware Data Status:   Final          Version 34.4.
License checked out.


Ignore Preference Error(s):  True
Device utilization summary:

   PIO (prelim)   41+4(JTAG)/280     16% used
                  41+4(JTAG)/105     43% bonded

   SLICE            230/2160         10% used

   GSR                1/1           100% used


Number of Signals: 532
Number of Connections: 1647

Pin Constraint Summary:
   41 out of 41 pins locked (100% locked).

The following 1 signal is selected to use the primary clock routing resources:
    clk_c (driver: clk, clk load #: 60)

    <postMsg mid="61061008" type="Warning" dynamic="5" navigation="0" arg0="clk_c" arg1="Primary" arg2="clk" arg3="C1" arg4="Primary"  />

The following 3 signals are selected to use the secondary clock routing resources:
    cnt_31__N_361 (driver: clk1Hz_uut/SLICE_45, clk load #: 0, sr load #: 17, ce load #: 0)
    cnt_31__N_430 (driver: clk10KHz_uut/SLICE_10, clk load #: 0, sr load #: 17, ce load #: 0)
    debounce_uut/key_an (driver: SLICE_90, clk load #: 0, sr load #: 10, ce load #: 0)

Signal rst_c is selected as Global Set/Reset.
Starting Placer Phase 0.
...........
Finished Placer Phase 0.  REAL time: 0 secs 

Starting Placer Phase 1.
..................
Placer score = 87730.
Finished Placer Phase 1.  REAL time: 2 secs 

Starting Placer Phase 2.
.
Placer score =  86275
Finished Placer Phase 2.  REAL time: 2 secs 


------------------ Clock Report ------------------

Global Clock Resources:
  CLK_PIN    : 0 out of 8 (0%)
  General PIO: 1 out of 280 (0%)
  PLL        : 0 out of 2 (0%)
  DCM        : 0 out of 2 (0%)
  DCC        : 0 out of 8 (0%)

Quadrants All (TL, TR, BL, BR) - Global Clocks:
  PRIMARY "clk_c" from comp "clk" on PIO site "C1 (PL4A)", clk load = 60
  SECONDARY "cnt_31__N_361" from F1 on comp "clk1Hz_uut/SLICE_45" on site "R20C21D", clk load = 0, ce load = 0, sr load = 17
  SECONDARY "cnt_31__N_430" from F1 on comp "clk10KHz_uut/SLICE_10" on site "R12C15D", clk load = 0, ce load = 0, sr load = 17
  SECONDARY "debounce_uut/key_an" from F0 on comp "SLICE_90" on site "R12C17A", clk load = 0, ce load = 0, sr load = 10

  PRIMARY  : 1 out of 8 (12%)
  SECONDARY: 3 out of 8 (37%)

Edge Clocks:
  No edge clock selected.

--------------- End of Clock Report ---------------


I/O Usage Summary (final):
   41 + 4(JTAG) out of 280 (16.1%) PIO sites used.
   41 + 4(JTAG) out of 105 (42.9%) bonded PIO sites used.
   Number of PIO comps: 41; differential: 0.
   Number of Vref pins used: 0.

I/O Bank Usage Summary:
+----------+----------------+------------+-----------+
| I/O Bank | Usage          | Bank Vccio | Bank Vref |
+----------+----------------+------------+-----------+
| 0        | 0 / 26 (  0%)  | -          | -         |
| 1        | 12 / 26 ( 46%) | 2.5V       | -         |
| 2        | 18 / 28 ( 64%) | 2.5V       | -         |
| 3        | 5 / 7 ( 71%)   | 2.5V       | -         |
| 4        | 4 / 8 ( 50%)   | 2.5V       | -         |
| 5        | 2 / 10 ( 20%)  | 2.5V       | -         |
+----------+----------------+------------+-----------+

Total placer CPU time: 2 secs 

Dumping design to file SW_IR_Interface_impl_SW_IR_Interface.dir/5_1.ncd.


-----------------------------------------------------------------
INFO - par: ASE feature is off due to non timing-driven settings.  
-----------------------------------------------------------------

0 connections routed; 1647 unrouted.
Starting router resource preassignment

    <postMsg mid="66011008" type="Warning" dynamic="1" navigation="0" arg0="&#xA;   Signal=debounce_uut/low_sw[0]_derived_4 loads=3 clock_loads=3"  />

Completed router resource preassignment. Real time: 4 secs 

Start NBR router at 15:43:52 05/17/17

*****************************************************************
Info: NBR allows conflicts(one node used by more than one signal)
      in the earlier iterations. In each iteration, it tries to  
      solve the conflicts while keeping the critical connections 
      routed as short as possible. The routing process is said to
      be completed when no conflicts exist and all connections   
      are routed.                                                
Note: NBR uses a different method to calculate timing slacks. The
      worst slack and total negative slack may not be the same as
      that in TRCE report. You should always run TRCE to verify  
      your design.                                               
*****************************************************************

Start NBR special constraint process at 15:43:52 05/17/17

Start NBR section for initial routing at 15:43:52 05/17/17
Level 4, iteration 1
39(0.02%) conflicts; 0(0.00%) untouched conn; 0 (nbr) score; real time: 4 secs 

Info: Initial congestion level at 75% usage is 0
Info: Initial congestion area  at 75% usage is 0 (0.00%)

Start NBR section for normal routing at 15:43:52 05/17/17
Level 4, iteration 1
18(0.01%) conflicts; 0(0.00%) untouched conn; 0 (nbr) score; real time: 4 secs 
Level 4, iteration 2
8(0.00%) conflicts; 0(0.00%) untouched conn; 0 (nbr) score; real time: 4 secs 
Level 4, iteration 3
0(0.00%) conflict; 0(0.00%) untouched conn; 0 (nbr) score; real time: 4 secs 

Start NBR section for re-routing at 15:43:52 05/17/17
Level 4, iteration 1
0(0.00%) conflict; 0(0.00%) untouched conn; 0 (nbr) score; real time: 4 secs 

Start NBR section for post-routing at 15:43:52 05/17/17

End NBR router with 0 unrouted connection

NBR Summary
-----------
  Number of unrouted connections : 0 (0.00%)
  Number of connections with timing violations : 0 (0.00%)
  Estimated worst slack<setup> : <n/a>
  Timing score<setup> : 0
-----------
Notes: The timing info is calculated for SETUP only and all PAR_ADJs are ignored.



    <postMsg mid="66011008" type="Warning" dynamic="1" navigation="0" arg0="&#xA;   Signal=debounce_uut/low_sw[0]_derived_4 loads=3 clock_loads=3"  />

Total CPU time 4 secs 
Total REAL time: 4 secs 
Completely routed.
End of route.  1647 routed (100.00%); 0 unrouted.

Hold time timing score: 0, hold timing errors: 0

Timing score: 0 

Dumping design to file SW_IR_Interface_impl_SW_IR_Interface.dir/5_1.ncd.


PAR_SUMMARY::Run status = completed
PAR_SUMMARY::Number of unrouted conns = 0
PAR_SUMMARY::Worst  slack<setup/<ns>> = <n/a>
PAR_SUMMARY::Timing score<setup/<ns>> = <n/a>
PAR_SUMMARY::Worst  slack<hold /<ns>> = <n/a>
PAR_SUMMARY::Timing score<hold /<ns>> = <n/a>
PAR_SUMMARY::Number of errors = 0

Total CPU  time to completion: 5 secs 
Total REAL time to completion: 5 secs 

par done!

Copyright (c) 1991-1994 by NeoCAD Inc. All rights reserved.
Copyright (c) 1995 AT&T Corp.   All rights reserved.
Copyright (c) 1995-2001 Lucent Technologies Inc.  All rights reserved.
Copyright (c) 2001 Agere Systems   All rights reserved.
Copyright (c) 2002-2017 Lattice Semiconductor Corporation,  All rights reserved.
Exiting par with exit code 0
Exiting mpartrce with exit code 0

bitgen -f "SW_IR_Interface_impl_SW_IR_Interface.t2b" -w "SW_IR_Interface_impl_SW_IR_Interface.ncd" "SW_IR_Interface_impl_SW_IR_Interface.prf"


BITGEN: Bitstream Generator Diamond (64-bit) 3.9.0.99.2
Copyright (c) 1991-1994 by NeoCAD Inc. All rights reserved.
Copyright (c) 1995 AT&T Corp.   All rights reserved.
Copyright (c) 1995-2001 Lucent Technologies Inc.  All rights reserved.
Copyright (c) 2001 Agere Systems   All rights reserved.
Copyright (c) 2002-2017 Lattice Semiconductor Corporation,  All rights reserved.


Loading design for application Bitgen from file SW_IR_Interface_impl_SW_IR_Interface.ncd.
Design name: Sensor_IR
NCD version: 3.3
Vendor:      LATTICE
Device:      LCMXO2-4000HC
Package:     CSBGA132
Performance: 4
Loading device for application Bitgen from file 'xo2c4000.nph' in environment: D:/lscc/diamond/3.9_x64/ispfpga.
Package Status:                     Final          Version 1.44.
Performance Hardware Data Status:   Final          Version 34.4.

Running DRC.
DRC detected 0 errors and 0 warnings.
Reading Preference File from SW_IR_Interface_impl_SW_IR_Interface.prf.

Preference Summary:
+---------------------------------+---------------------------------+
|  Preference                     |  Current Setting                |
+---------------------------------+---------------------------------+
|                         RamCfg  |                        Reset**  |
+---------------------------------+---------------------------------+
|                     MCCLK_FREQ  |                         2.08**  |
+---------------------------------+---------------------------------+
|                  CONFIG_SECURE  |                          OFF**  |
+---------------------------------+---------------------------------+
|                          INBUF  |                           ON**  |
+---------------------------------+---------------------------------+
|                      JTAG_PORT  |                       ENABLE**  |
+---------------------------------+---------------------------------+
|                       SDM_PORT  |                      DISABLE**  |
+---------------------------------+---------------------------------+
|                 SLAVE_SPI_PORT  |                      DISABLE**  |
+---------------------------------+---------------------------------+
|                MASTER_SPI_PORT  |                      DISABLE**  |
+---------------------------------+---------------------------------+
|                       I2C_PORT  |                      DISABLE**  |
+---------------------------------+---------------------------------+
|        MUX_CONFIGURATION_PORTS  |                      DISABLE**  |
+---------------------------------+---------------------------------+
|                  CONFIGURATION  |                          CFG**  |
+---------------------------------+---------------------------------+
|                COMPRESS_CONFIG  |                           ON**  |
+---------------------------------+---------------------------------+
|                        MY_ASSP  |                          OFF**  |
+---------------------------------+---------------------------------+
|               ONE_TIME_PROGRAM  |                          OFF**  |
+---------------------------------+---------------------------------+
|                 ENABLE_TRANSFR  |                      DISABLE**  |
+---------------------------------+---------------------------------+
|                  SHAREDEBRINIT  |                      DISABLE**  |
+---------------------------------+---------------------------------+
|            BACKGROUND_RECONFIG  |                          OFF**  |
+---------------------------------+---------------------------------+
 *  Default setting.
 ** The specified setting matches the default setting.


Creating bit map...
 
Bitstream Status: Final           Version 1.94.
 
Saving bit stream in "SW_IR_Interface_impl_SW_IR_Interface.bit".

bitgen -f "SW_IR_Interface_impl_SW_IR_Interface.t2b" -w "SW_IR_Interface_impl_SW_IR_Interface.ncd" -jedec "SW_IR_Interface_impl_SW_IR_Interface.prf"


BITGEN: Bitstream Generator Diamond (64-bit) 3.9.0.99.2
Copyright (c) 1991-1994 by NeoCAD Inc. All rights reserved.
Copyright (c) 1995 AT&T Corp.   All rights reserved.
Copyright (c) 1995-2001 Lucent Technologies Inc.  All rights reserved.
Copyright (c) 2001 Agere Systems   All rights reserved.
Copyright (c) 2002-2017 Lattice Semiconductor Corporation,  All rights reserved.


Loading design for application Bitgen from file SW_IR_Interface_impl_SW_IR_Interface.ncd.
Design name: Sensor_IR
NCD version: 3.3
Vendor:      LATTICE
Device:      LCMXO2-4000HC
Package:     CSBGA132
Performance: 4
Loading device for application Bitgen from file 'xo2c4000.nph' in environment: D:/lscc/diamond/3.9_x64/ispfpga.
Package Status:                     Final          Version 1.44.
Performance Hardware Data Status:   Final          Version 34.4.

Running DRC.
DRC detected 0 errors and 0 warnings.
Reading Preference File from SW_IR_Interface_impl_SW_IR_Interface.prf.

Preference Summary:
+---------------------------------+---------------------------------+
|  Preference                     |  Current Setting                |
+---------------------------------+---------------------------------+
|                         RamCfg  |                        Reset**  |
+---------------------------------+---------------------------------+
|                     MCCLK_FREQ  |                         2.08**  |
+---------------------------------+---------------------------------+
|                  CONFIG_SECURE  |                          OFF**  |
+---------------------------------+---------------------------------+
|                          INBUF  |                           ON**  |
+---------------------------------+---------------------------------+
|                      JTAG_PORT  |                       ENABLE**  |
+---------------------------------+---------------------------------+
|                       SDM_PORT  |                      DISABLE**  |
+---------------------------------+---------------------------------+
|                 SLAVE_SPI_PORT  |                      DISABLE**  |
+---------------------------------+---------------------------------+
|                MASTER_SPI_PORT  |                      DISABLE**  |
+---------------------------------+---------------------------------+
|                       I2C_PORT  |                      DISABLE**  |
+---------------------------------+---------------------------------+
|        MUX_CONFIGURATION_PORTS  |                      DISABLE**  |
+---------------------------------+---------------------------------+
|                  CONFIGURATION  |                          CFG**  |
+---------------------------------+---------------------------------+
|                COMPRESS_CONFIG  |                           ON**  |
+---------------------------------+---------------------------------+
|                        MY_ASSP  |                          OFF**  |
+---------------------------------+---------------------------------+
|               ONE_TIME_PROGRAM  |                          OFF**  |
+---------------------------------+---------------------------------+
|                 ENABLE_TRANSFR  |                      DISABLE**  |
+---------------------------------+---------------------------------+
|                  SHAREDEBRINIT  |                      DISABLE**  |
+---------------------------------+---------------------------------+
|            BACKGROUND_RECONFIG  |                          OFF**  |
+---------------------------------+---------------------------------+
 *  Default setting.
 ** The specified setting matches the default setting.


Creating bit map...
 
Bitstream Status: Final           Version 1.94.
 
Saving bit stream in "SW_IR_Interface_impl_SW_IR_Interface.jed".
 
===========
UFM Summary.
===========
UFM Size:        767 Pages (128*767 Bits).
UFM Utilization: General Purpose Flash Memory.
 
Available General Purpose Flash Memory:  767 Pages (Page 0 to Page 766).
Initialized UFM Pages:                     0 Page.
 
